0 info it worked if it ends with ok
1 verbose cli [ '/usr/local/bin/node',
1 verbose cli   '/usr/local/bin/npm',
1 verbose cli   'install',
1 verbose cli   'connect' ]
2 info using npm@3.10.8
3 info using node@v7.0.0
4 silly loadCurrentTree Starting
5 silly install loadCurrentTree
6 silly install readLocalPackageData
7 silly fetchPackageMetaData connect
8 silly fetchNamedPackageData connect
9 silly mapToRegistry name connect
10 silly mapToRegistry using default registry
11 silly mapToRegistry registry https://registry.npmjs.org/
12 silly mapToRegistry data Result {
12 silly mapToRegistry   raw: 'connect',
12 silly mapToRegistry   scope: null,
12 silly mapToRegistry   escapedName: 'connect',
12 silly mapToRegistry   name: 'connect',
12 silly mapToRegistry   rawSpec: '',
12 silly mapToRegistry   spec: 'latest',
12 silly mapToRegistry   type: 'tag' }
13 silly mapToRegistry uri https://registry.npmjs.org/connect
14 verbose request uri https://registry.npmjs.org/connect
15 verbose request no auth needed
16 info attempt registry request try #1 at 09:33:06
17 verbose request id 239640d875c8d9b4
18 http request GET https://registry.npmjs.org/connect
19 http 200 https://registry.npmjs.org/connect
20 verbose headers { server: 'CouchDB/1.5.0 (Erlang OTP/R16B03)',
20 verbose headers   etag: '"CH2S1SFT1OXD7JIZPI6HESNRO"',
20 verbose headers   'content-type': 'application/json',
20 verbose headers   'content-encoding': 'gzip',
20 verbose headers   'cache-control': 'max-age=300',
20 verbose headers   'content-length': '34286',
20 verbose headers   'accept-ranges': 'bytes',
20 verbose headers   date: 'Sun, 30 Oct 2016 01:33:05 GMT',
20 verbose headers   via: '1.1 varnish',
20 verbose headers   age: '267',
20 verbose headers   connection: 'keep-alive',
20 verbose headers   'x-served-by': 'cache-itm7423-ITM',
20 verbose headers   'x-cache': 'HIT',
20 verbose headers   'x-cache-hits': '1',
20 verbose headers   'x-timer': 'S1477791185.443755,VS0,VE0',
20 verbose headers   vary: 'Accept-Encoding' }
21 silly get cb [ 200,
21 silly get   { server: 'CouchDB/1.5.0 (Erlang OTP/R16B03)',
21 silly get     etag: '"CH2S1SFT1OXD7JIZPI6HESNRO"',
21 silly get     'content-type': 'application/json',
21 silly get     'content-encoding': 'gzip',
21 silly get     'cache-control': 'max-age=300',
21 silly get     'content-length': '34286',
21 silly get     'accept-ranges': 'bytes',
21 silly get     date: 'Sun, 30 Oct 2016 01:33:05 GMT',
21 silly get     via: '1.1 varnish',
21 silly get     age: '267',
21 silly get     connection: 'keep-alive',
21 silly get     'x-served-by': 'cache-itm7423-ITM',
21 silly get     'x-cache': 'HIT',
21 silly get     'x-cache-hits': '1',
21 silly get     'x-timer': 'S1477791185.443755,VS0,VE0',
21 silly get     vary: 'Accept-Encoding' } ]
22 verbose get saving connect to /home/wyt/.npm/registry.npmjs.org/connect/.cache.json
23 verbose correctMkdir /home/wyt/.npm correctMkdir not in flight; initializing
24 silly install normalizeTree
25 silly loadCurrentTree Finishing
26 silly loadIdealTree Starting
27 silly install loadIdealTree
28 silly cloneCurrentTree Starting
29 silly install cloneCurrentTreeToIdealTree
30 silly cloneCurrentTree Finishing
31 silly loadShrinkwrap Starting
32 silly install loadShrinkwrap
33 silly loadShrinkwrap Finishing
34 silly loadAllDepsIntoIdealTree Starting
35 silly install loadAllDepsIntoIdealTree
36 silly resolveWithNewModule connect@3.5.0 checking installable status
37 silly cache add args [ 'connect', null ]
38 verbose cache add spec connect
39 silly cache add parsed spec Result {
39 silly cache add   raw: 'connect',
39 silly cache add   scope: null,
39 silly cache add   escapedName: 'connect',
39 silly cache add   name: 'connect',
39 silly cache add   rawSpec: '',
39 silly cache add   spec: 'latest',
39 silly cache add   type: 'tag' }
40 silly addNamed connect@latest
41 verbose addNamed "latest" is being treated as a dist-tag for connect
42 info addNameTag [ 'connect', 'latest' ]
43 silly mapToRegistry name connect
44 silly mapToRegistry using default registry
45 silly mapToRegistry registry https://registry.npmjs.org/
46 silly mapToRegistry data Result {
46 silly mapToRegistry   raw: 'connect',
46 silly mapToRegistry   scope: null,
46 silly mapToRegistry   escapedName: 'connect',
46 silly mapToRegistry   name: 'connect',
46 silly mapToRegistry   rawSpec: '',
46 silly mapToRegistry   spec: 'latest',
46 silly mapToRegistry   type: 'tag' }
47 silly mapToRegistry uri https://registry.npmjs.org/connect
48 verbose addNameTag registry:https://registry.npmjs.org/connect not in flight; fetching
49 verbose get https://registry.npmjs.org/connect not expired, no request
50 silly addNameTag next cb for connect with tag latest
51 silly addNamed connect@3.5.0
52 verbose addNamed "3.5.0" is a plain semver version for connect
53 silly mapToRegistry name connect
54 silly mapToRegistry using default registry
55 silly mapToRegistry registry https://registry.npmjs.org/
56 silly mapToRegistry data Result {
56 silly mapToRegistry   raw: 'connect',
56 silly mapToRegistry   scope: null,
56 silly mapToRegistry   escapedName: 'connect',
56 silly mapToRegistry   name: 'connect',
56 silly mapToRegistry   rawSpec: '',
56 silly mapToRegistry   spec: 'latest',
56 silly mapToRegistry   type: 'tag' }
57 silly mapToRegistry uri https://registry.npmjs.org/connect
58 verbose addRemoteTarball https://registry.npmjs.org/connect/-/connect-3.5.0.tgz not in flight; adding
59 verbose addRemoteTarball [ 'https://registry.npmjs.org/connect/-/connect-3.5.0.tgz',
59 verbose addRemoteTarball   'b357525a0b4c1f50599cd983e1d9efeea9677198' ]
60 info retry fetch attempt 1 at 09:33:08
61 info attempt registry request try #1 at 09:33:08
62 http fetch GET https://registry.npmjs.org/connect/-/connect-3.5.0.tgz
63 http fetch 200 https://registry.npmjs.org/connect/-/connect-3.5.0.tgz
64 silly fetchAndShaCheck shasum b357525a0b4c1f50599cd983e1d9efeea9677198
65 verbose addTmpTarball /tmp/npm-14091-e735b179/registry.npmjs.org/connect/-/connect-3.5.0.tgz not in flight; adding
66 verbose addTmpTarball already have metadata; skipping unpack for connect@3.5.0
67 verbose correctMkdir /home/wyt/.npm correctMkdir not in flight; initializing
68 silly cache afterAdd connect@3.5.0
69 verbose afterAdd /home/wyt/.npm/connect/3.5.0/package/package.json not in flight; writing
70 verbose correctMkdir /home/wyt/.npm correctMkdir not in flight; initializing
71 verbose afterAdd /home/wyt/.npm/connect/3.5.0/package/package.json written
72 silly fetchNamedPackageData finalhandler
73 silly mapToRegistry name finalhandler
74 silly mapToRegistry using default registry
75 silly mapToRegistry registry https://registry.npmjs.org/
76 silly mapToRegistry data Result {
76 silly mapToRegistry   raw: 'finalhandler',
76 silly mapToRegistry   scope: null,
76 silly mapToRegistry   escapedName: 'finalhandler',
76 silly mapToRegistry   name: 'finalhandler',
76 silly mapToRegistry   rawSpec: '',
76 silly mapToRegistry   spec: 'latest',
76 silly mapToRegistry   type: 'tag' }
77 silly mapToRegistry uri https://registry.npmjs.org/finalhandler
78 verbose request uri https://registry.npmjs.org/finalhandler
79 verbose request no auth needed
80 info attempt registry request try #1 at 09:33:08
81 verbose etag "69TC4Q9GIAFQOOWLSMCV9UO4O"
82 http request GET https://registry.npmjs.org/finalhandler
83 http 304 https://registry.npmjs.org/finalhandler
84 verbose headers { date: 'Sun, 30 Oct 2016 01:33:06 GMT',
84 verbose headers   via: '1.1 varnish',
84 verbose headers   'cache-control': 'max-age=300',
84 verbose headers   etag: '"69TC4Q9GIAFQOOWLSMCV9UO4O"',
84 verbose headers   age: '258',
84 verbose headers   connection: 'keep-alive',
84 verbose headers   'x-served-by': 'cache-itm7423-ITM',
84 verbose headers   'x-cache': 'HIT',
84 verbose headers   'x-cache-hits': '5',
84 verbose headers   'x-timer': 'S1477791186.126433,VS0,VE0',
84 verbose headers   vary: 'Accept-Encoding' }
85 silly get cb [ 304,
85 silly get   { date: 'Sun, 30 Oct 2016 01:33:06 GMT',
85 silly get     via: '1.1 varnish',
85 silly get     'cache-control': 'max-age=300',
85 silly get     etag: '"69TC4Q9GIAFQOOWLSMCV9UO4O"',
85 silly get     age: '258',
85 silly get     connection: 'keep-alive',
85 silly get     'x-served-by': 'cache-itm7423-ITM',
85 silly get     'x-cache': 'HIT',
85 silly get     'x-cache-hits': '5',
85 silly get     'x-timer': 'S1477791186.126433,VS0,VE0',
85 silly get     vary: 'Accept-Encoding' } ]
86 verbose etag https://registry.npmjs.org/finalhandler from cache
87 verbose get saving finalhandler to /home/wyt/.npm/registry.npmjs.org/finalhandler/.cache.json
88 verbose correctMkdir /home/wyt/.npm correctMkdir not in flight; initializing
89 silly resolveWithNewModule finalhandler@0.5.0 checking installable status
90 silly cache add args [ 'finalhandler@0.5.0', null ]
91 verbose cache add spec finalhandler@0.5.0
92 silly cache add parsed spec Result {
92 silly cache add   raw: 'finalhandler@0.5.0',
92 silly cache add   scope: null,
92 silly cache add   escapedName: 'finalhandler',
92 silly cache add   name: 'finalhandler',
92 silly cache add   rawSpec: '0.5.0',
92 silly cache add   spec: '0.5.0',
92 silly cache add   type: 'version' }
93 silly addNamed finalhandler@0.5.0
94 verbose addNamed "0.5.0" is a plain semver version for finalhandler
95 silly mapToRegistry name finalhandler
96 silly mapToRegistry using default registry
97 silly mapToRegistry registry https://registry.npmjs.org/
98 silly mapToRegistry data Result {
98 silly mapToRegistry   raw: 'finalhandler',
98 silly mapToRegistry   scope: null,
98 silly mapToRegistry   escapedName: 'finalhandler',
98 silly mapToRegistry   name: 'finalhandler',
98 silly mapToRegistry   rawSpec: '',
98 silly mapToRegistry   spec: 'latest',
98 silly mapToRegistry   type: 'tag' }
99 silly mapToRegistry uri https://registry.npmjs.org/finalhandler
100 verbose addNameVersion registry:https://registry.npmjs.org/finalhandler not in flight; fetching
101 verbose get https://registry.npmjs.org/finalhandler not expired, no request
102 silly cache afterAdd finalhandler@0.5.0
103 verbose afterAdd /home/wyt/.npm/finalhandler/0.5.0/package/package.json not in flight; writing
104 verbose correctMkdir /home/wyt/.npm correctMkdir not in flight; initializing
105 verbose afterAdd /home/wyt/.npm/finalhandler/0.5.0/package/package.json written
106 silly loadAllDepsIntoIdealTree Finishing
107 silly loadIdealTree Finishing
108 silly currentTree nodejs-demo@0.0.0
108 silly currentTree ├── accepts@1.2.13
108 silly currentTree ├── array-flatten@1.1.1
108 silly currentTree ├── async@2.0.1
108 silly currentTree ├── basic-auth@1.0.4
108 silly currentTree ├── bluebird@2.10.2
108 silly currentTree ├── body-parser@1.15.2
108 silly currentTree ├── bson@0.5.6
108 silly currentTree ├── buffer-shims@1.0.0
108 silly currentTree ├── bytes@2.4.0
108 silly currentTree ├─┬ connect@3.5.0
108 silly currentTree │ └── finalhandler@0.5.0
108 silly currentTree ├── content-disposition@0.5.1
108 silly currentTree ├── content-type@1.0.2
108 silly currentTree ├── cookie-parser@1.4.3
108 silly currentTree ├── cookie-signature@1.0.6
108 silly currentTree ├── cookie@0.3.1
108 silly currentTree ├── core-util-is@1.0.2
108 silly currentTree ├── debug@2.2.0
108 silly currentTree ├── depd@1.1.0
108 silly currentTree ├── destroy@1.0.4
108 silly currentTree ├── ee-first@1.1.1
108 silly currentTree ├── ejs@2.4.2
108 silly currentTree ├── es6-promise@3.2.1
108 silly currentTree ├── escape-html@1.0.3
108 silly currentTree ├── etag@1.7.0
108 silly currentTree ├─┬ express@4.13.4
108 silly currentTree │ ├── cookie@0.1.5
108 silly currentTree │ └── qs@4.0.0
108 silly currentTree ├── finalhandler@0.4.1
108 silly currentTree ├── forwarded@0.1.0
108 silly currentTree ├── fresh@0.3.0
108 silly currentTree ├── hooks-fixed@1.2.0
108 silly currentTree ├── http-errors@1.5.0
108 silly currentTree ├── iconv-lite@0.4.13
108 silly currentTree ├── inherits@2.0.1
108 silly currentTree ├── ipaddr.js@1.0.5
108 silly currentTree ├── isarray@1.0.0
108 silly currentTree ├── kareem@1.1.3
108 silly currentTree ├── kerberos@0.0.21
108 silly currentTree ├── lodash@4.16.4
108 silly currentTree ├── media-typer@0.3.0
108 silly currentTree ├── merge-descriptors@1.0.1
108 silly currentTree ├── methods@1.1.2
108 silly currentTree ├── mime-db@1.24.0
108 silly currentTree ├── mime-types@2.1.12
108 silly currentTree ├── mime@1.3.4
108 silly currentTree ├── mongodb-core@2.0.13
108 silly currentTree ├── mongodb@2.2.11
108 silly currentTree ├── mongoose@4.6.5
108 silly currentTree ├── morgan@1.7.0
108 silly currentTree ├── mpath@0.2.1
108 silly currentTree ├── mpromise@0.5.5
108 silly currentTree ├─┬ mquery@2.0.0
108 silly currentTree │ └── sliced@0.0.5
108 silly currentTree ├── ms@0.7.1
108 silly currentTree ├── muri@1.1.1
108 silly currentTree ├── nan@2.3.5
108 silly currentTree ├── negotiator@0.5.3
108 silly currentTree ├── on-finished@2.3.0
108 silly currentTree ├── on-headers@1.0.1
108 silly currentTree ├── parseurl@1.3.1
108 silly currentTree ├── path-to-regexp@0.1.7
108 silly currentTree ├── process-nextick-args@1.0.7
108 silly currentTree ├── proxy-addr@1.0.10
108 silly currentTree ├── qs@6.2.0
108 silly currentTree ├── range-parser@1.0.3
108 silly currentTree ├── raw-body@2.1.7
108 silly currentTree ├── readable-stream@2.1.5
108 silly currentTree ├── regexp-clone@0.0.1
108 silly currentTree ├── require_optional@1.0.0
108 silly currentTree ├── resolve-from@2.0.0
108 silly currentTree ├── semver@5.3.0
108 silly currentTree ├─┬ send@0.13.1
108 silly currentTree │ ├── http-errors@1.3.1
108 silly currentTree │ └── statuses@1.2.1
108 silly currentTree ├── serve-favicon@2.3.0
108 silly currentTree ├─┬ serve-static@1.10.3
108 silly currentTree │ ├── http-errors@1.3.1
108 silly currentTree │ ├── send@0.13.2
108 silly currentTree │ └── statuses@1.2.1
108 silly currentTree ├─┬ session-mongoose@0.5.2
108 silly currentTree │ └─┬ mongoose@4.6.5
108 silly currentTree │   ├─┬ async@2.0.1
108 silly currentTree │   │ └── lodash@4.16.4
108 silly currentTree │   ├── bson@0.5.6
108 silly currentTree │   ├── hooks-fixed@1.2.0
108 silly currentTree │   ├── kareem@1.1.3
108 silly currentTree │   ├─┬ mongodb@2.2.11
108 silly currentTree │   │ ├── es6-promise@3.2.1
108 silly currentTree │   │ ├─┬ mongodb-core@2.0.13
108 silly currentTree │   │ │ ├── bson@0.5.6
108 silly currentTree │   │ │ └─┬ require_optional@1.0.0
108 silly currentTree │   │ │   ├── resolve-from@2.0.0
108 silly currentTree │   │ │   └── semver@5.3.0
108 silly currentTree │   │ └─┬ readable-stream@2.1.5
108 silly currentTree │   │   ├── buffer-shims@1.0.0
108 silly currentTree │   │   ├── core-util-is@1.0.2
108 silly currentTree │   │   ├── inherits@2.0.3
108 silly currentTree │   │   ├── isarray@1.0.0
108 silly currentTree │   │   ├── process-nextick-args@1.0.7
108 silly currentTree │   │   ├── string_decoder@0.10.31
108 silly currentTree │   │   └── util-deprecate@1.0.2
108 silly currentTree │   ├── mpath@0.2.1
108 silly currentTree │   ├── mpromise@0.5.5
108 silly currentTree │   ├─┬ mquery@2.0.0
108 silly currentTree │   │ ├── bluebird@2.10.2
108 silly currentTree │   │ ├─┬ debug@2.2.0
108 silly currentTree │   │ │ └── ms@0.7.1
108 silly currentTree │   │ ├── regexp-clone@0.0.1
108 silly currentTree │   │ └── sliced@0.0.5
108 silly currentTree │   ├── ms@0.7.1
108 silly currentTree │   ├── muri@1.1.1
108 silly currentTree │   ├── regexp-clone@0.0.1
108 silly currentTree │   └── sliced@1.0.1
108 silly currentTree ├── setprototypeof@1.0.1
108 silly currentTree ├── sliced@1.0.1
108 silly currentTree ├── statuses@1.3.0
108 silly currentTree ├── string_decoder@0.10.31
108 silly currentTree ├── type-is@1.6.13
108 silly currentTree ├── unpipe@1.0.0
108 silly currentTree ├── util-deprecate@1.0.2
108 silly currentTree ├── utils-merge@1.0.0
108 silly currentTree └── vary@1.0.1
109 silly idealTree nodejs-demo@0.0.0
109 silly idealTree ├── accepts@1.2.13
109 silly idealTree ├── array-flatten@1.1.1
109 silly idealTree ├── async@2.0.1
109 silly idealTree ├── basic-auth@1.0.4
109 silly idealTree ├── bluebird@2.10.2
109 silly idealTree ├── body-parser@1.15.2
109 silly idealTree ├── bson@0.5.6
109 silly idealTree ├── buffer-shims@1.0.0
109 silly idealTree ├── bytes@2.4.0
109 silly idealTree ├─┬ connect@3.5.0
109 silly idealTree │ └── finalhandler@0.5.0
109 silly idealTree ├── content-disposition@0.5.1
109 silly idealTree ├── content-type@1.0.2
109 silly idealTree ├── cookie-parser@1.4.3
109 silly idealTree ├── cookie-signature@1.0.6
109 silly idealTree ├── cookie@0.3.1
109 silly idealTree ├── core-util-is@1.0.2
109 silly idealTree ├── debug@2.2.0
109 silly idealTree ├── depd@1.1.0
109 silly idealTree ├── destroy@1.0.4
109 silly idealTree ├── ee-first@1.1.1
109 silly idealTree ├── ejs@2.4.2
109 silly idealTree ├── es6-promise@3.2.1
109 silly idealTree ├── escape-html@1.0.3
109 silly idealTree ├── etag@1.7.0
109 silly idealTree ├─┬ express@4.13.4
109 silly idealTree │ ├── cookie@0.1.5
109 silly idealTree │ └── qs@4.0.0
109 silly idealTree ├── finalhandler@0.4.1
109 silly idealTree ├── forwarded@0.1.0
109 silly idealTree ├── fresh@0.3.0
109 silly idealTree ├── hooks-fixed@1.2.0
109 silly idealTree ├── http-errors@1.5.0
109 silly idealTree ├── iconv-lite@0.4.13
109 silly idealTree ├── inherits@2.0.1
109 silly idealTree ├── ipaddr.js@1.0.5
109 silly idealTree ├── isarray@1.0.0
109 silly idealTree ├── kareem@1.1.3
109 silly idealTree ├── kerberos@0.0.21
109 silly idealTree ├── lodash@4.16.4
109 silly idealTree ├── media-typer@0.3.0
109 silly idealTree ├── merge-descriptors@1.0.1
109 silly idealTree ├── methods@1.1.2
109 silly idealTree ├── mime-db@1.24.0
109 silly idealTree ├── mime-types@2.1.12
109 silly idealTree ├── mime@1.3.4
109 silly idealTree ├── mongodb-core@2.0.13
109 silly idealTree ├── mongodb@2.2.11
109 silly idealTree ├── mongoose@4.6.5
109 silly idealTree ├── morgan@1.7.0
109 silly idealTree ├── mpath@0.2.1
109 silly idealTree ├── mpromise@0.5.5
109 silly idealTree ├─┬ mquery@2.0.0
109 silly idealTree │ └── sliced@0.0.5
109 silly idealTree ├── ms@0.7.1
109 silly idealTree ├── muri@1.1.1
109 silly idealTree ├── nan@2.3.5
109 silly idealTree ├── negotiator@0.5.3
109 silly idealTree ├── on-finished@2.3.0
109 silly idealTree ├── on-headers@1.0.1
109 silly idealTree ├── parseurl@1.3.1
109 silly idealTree ├── path-to-regexp@0.1.7
109 silly idealTree ├── process-nextick-args@1.0.7
109 silly idealTree ├── proxy-addr@1.0.10
109 silly idealTree ├── qs@6.2.0
109 silly idealTree ├── range-parser@1.0.3
109 silly idealTree ├── raw-body@2.1.7
109 silly idealTree ├── readable-stream@2.1.5
109 silly idealTree ├── regexp-clone@0.0.1
109 silly idealTree ├── require_optional@1.0.0
109 silly idealTree ├── resolve-from@2.0.0
109 silly idealTree ├── semver@5.3.0
109 silly idealTree ├─┬ send@0.13.1
109 silly idealTree │ ├── http-errors@1.3.1
109 silly idealTree │ └── statuses@1.2.1
109 silly idealTree ├── serve-favicon@2.3.0
109 silly idealTree ├─┬ serve-static@1.10.3
109 silly idealTree │ ├── http-errors@1.3.1
109 silly idealTree │ ├── send@0.13.2
109 silly idealTree │ └── statuses@1.2.1
109 silly idealTree ├─┬ session-mongoose@0.5.2
109 silly idealTree │ └─┬ mongoose@4.6.5
109 silly idealTree │   ├─┬ async@2.0.1
109 silly idealTree │   │ └── lodash@4.16.4
109 silly idealTree │   ├── bson@0.5.6
109 silly idealTree │   ├── hooks-fixed@1.2.0
109 silly idealTree │   ├── kareem@1.1.3
109 silly idealTree │   ├─┬ mongodb@2.2.11
109 silly idealTree │   │ ├── es6-promise@3.2.1
109 silly idealTree │   │ ├─┬ mongodb-core@2.0.13
109 silly idealTree │   │ │ ├── bson@0.5.6
109 silly idealTree │   │ │ └─┬ require_optional@1.0.0
109 silly idealTree │   │ │   ├── resolve-from@2.0.0
109 silly idealTree │   │ │   └── semver@5.3.0
109 silly idealTree │   │ └─┬ readable-stream@2.1.5
109 silly idealTree │   │   ├── buffer-shims@1.0.0
109 silly idealTree │   │   ├── core-util-is@1.0.2
109 silly idealTree │   │   ├── inherits@2.0.3
109 silly idealTree │   │   ├── isarray@1.0.0
109 silly idealTree │   │   ├── process-nextick-args@1.0.7
109 silly idealTree │   │   ├── string_decoder@0.10.31
109 silly idealTree │   │   └── util-deprecate@1.0.2
109 silly idealTree │   ├── mpath@0.2.1
109 silly idealTree │   ├── mpromise@0.5.5
109 silly idealTree │   ├─┬ mquery@2.0.0
109 silly idealTree │   │ ├── bluebird@2.10.2
109 silly idealTree │   │ ├─┬ debug@2.2.0
109 silly idealTree │   │ │ └── ms@0.7.1
109 silly idealTree │   │ ├── regexp-clone@0.0.1
109 silly idealTree │   │ └── sliced@0.0.5
109 silly idealTree │   ├── ms@0.7.1
109 silly idealTree │   ├── muri@1.1.1
109 silly idealTree │   ├── regexp-clone@0.0.1
109 silly idealTree │   └── sliced@1.0.1
109 silly idealTree ├── setprototypeof@1.0.1
109 silly idealTree ├── sliced@1.0.1
109 silly idealTree ├── statuses@1.3.0
109 silly idealTree ├── string_decoder@0.10.31
109 silly idealTree ├── type-is@1.6.13
109 silly idealTree ├── unpipe@1.0.0
109 silly idealTree ├── util-deprecate@1.0.2
109 silly idealTree ├── utils-merge@1.0.0
109 silly idealTree └── vary@1.0.1
110 silly generateActionsToTake Starting
111 silly install generateActionsToTake
112 silly generateActionsToTake Finishing
113 silly diffTrees action count 1
114 silly diffTrees update connect@3.5.0
115 silly decomposeActions action count 8
116 silly decomposeActions fetch connect@3.5.0
117 silly decomposeActions extract connect@3.5.0
118 silly decomposeActions test connect@3.5.0
119 silly decomposeActions preinstall connect@3.5.0
120 silly decomposeActions build connect@3.5.0
121 silly decomposeActions install connect@3.5.0
122 silly decomposeActions postinstall connect@3.5.0
123 silly decomposeActions finalize connect@3.5.0
124 silly runTopLevelLifecycles Starting
125 silly executeActions Starting
126 silly install executeActions
127 silly doSerial global-install 0
128 silly doParallel fetch 1
129 verbose correctMkdir /home/wyt/.npm/_locks correctMkdir not in flight; initializing
130 verbose lock using /home/wyt/.npm/_locks/staging-791e9998d2415cff.lock for /home/wyt/workspace/NodeWorkspace/day05/nodejs-demo/node_modules/.staging
131 silly doParallel extract 1
132 silly extract connect@3.5.0
133 verbose unbuild node_modules/.staging/connect-516f0c68
134 silly gentlyRm /home/wyt/workspace/NodeWorkspace/day05/nodejs-demo/node_modules/.staging/connect-516f0c68 is being purged from base /home/wyt/workspace/NodeWorkspace/day05/nodejs-demo
135 verbose gentlyRm don't care about contents; nuking /home/wyt/workspace/NodeWorkspace/day05/nodejs-demo/node_modules/.staging/connect-516f0c68
136 verbose tar unpack /home/wyt/.npm/connect/3.5.0/package.tgz
137 verbose tar unpacking to /home/wyt/workspace/NodeWorkspace/day05/nodejs-demo/node_modules/.staging/connect-516f0c68
138 silly gentlyRm /home/wyt/workspace/NodeWorkspace/day05/nodejs-demo/node_modules/.staging/connect-516f0c68 is being purged
139 verbose gentlyRm don't care about contents; nuking /home/wyt/workspace/NodeWorkspace/day05/nodejs-demo/node_modules/.staging/connect-516f0c68
140 silly gunzTarPerm modes [ '775', '664' ]
141 silly gunzTarPerm extractEntry package.json
142 silly gunzTarPerm modified mode [ 'package.json', 438, 436 ]
143 silly gunzTarPerm extractEntry LICENSE
144 silly gunzTarPerm modified mode [ 'LICENSE', 438, 436 ]
145 silly gunzTarPerm extractEntry index.js
146 silly gunzTarPerm modified mode [ 'index.js', 438, 436 ]
147 silly gunzTarPerm extractEntry History.md
148 silly gunzTarPerm modified mode [ 'History.md', 438, 436 ]
149 silly gunzTarPerm extractEntry Readme.md
150 silly gunzTarPerm modified mode [ 'Readme.md', 438, 436 ]
151 silly gentlyRm /home/wyt/workspace/NodeWorkspace/day05/nodejs-demo/node_modules/.staging/connect-516f0c68/node_modules is being purged
152 verbose gentlyRm don't care about contents; nuking /home/wyt/workspace/NodeWorkspace/day05/nodejs-demo/node_modules/.staging/connect-516f0c68/node_modules
153 silly doParallel preinstall 1
154 silly preinstall connect@3.5.0 /home/wyt/workspace/NodeWorkspace/day05/nodejs-demo/node_modules/.staging/connect-516f0c68
155 info lifecycle connect@3.5.0~preinstall: connect@3.5.0
156 silly lifecycle connect@3.5.0~preinstall: no script for preinstall, continuing
157 silly doReverseSerial remove 0
158 silly doSerial move 0
159 silly doSerial finalize 1
160 silly finalize /home/wyt/workspace/NodeWorkspace/day05/nodejs-demo/node_modules/connect
161 verbose unlock done using /home/wyt/.npm/_locks/staging-791e9998d2415cff.lock for /home/wyt/workspace/NodeWorkspace/day05/nodejs-demo/node_modules/.staging
162 silly rollbackFailedOptional Starting
163 silly rollbackFailedOptional Finishing
164 silly runTopLevelLifecycles Finishing
165 silly install printInstalled
166 warn session-mongoose@0.5.2 requires a peer of connect@^2.0 but none was installed.
167 verbose If you need help, you may report this error at:
167 verbose     <https://github.com/npm/npm/issues>
168 verbose stack Error
168 verbose stack     at /usr/local/lib/node_modules/npm/lib/install/action/finalize.js:64:7
168 verbose stack     at /usr/local/lib/node_modules/npm/node_modules/slide/lib/async-map.js:52:35
168 verbose stack     at Array.forEach (native)
168 verbose stack     at /usr/local/lib/node_modules/npm/node_modules/slide/lib/async-map.js:52:11
168 verbose stack     at Array.forEach (native)
168 verbose stack     at asyncMap (/usr/local/lib/node_modules/npm/node_modules/slide/lib/async-map.js:51:8)
168 verbose stack     at moveModules (/usr/local/lib/node_modules/npm/lib/install/action/finalize.js:61:5)
168 verbose stack     at /usr/local/lib/node_modules/npm/lib/install/action/finalize.js:56:70
168 verbose stack     at /usr/local/lib/node_modules/npm/node_modules/mkdirp/index.js:30:20
168 verbose stack     at FSReqWrap.oncomplete (fs.js:111:15)
168 verbose stack
168 verbose stack Error: EACCES: permission denied, rename '/home/wyt/workspace/NodeWorkspace/day05/nodejs-demo/node_modules/.connect.DELETE/node_modules/finalhandler' -> '/home/wyt/workspace/NodeWorkspace/day05/nodejs-demo/node_modules/connect/node_modules/finalhandler'
169 verbose cwd /home/wyt/workspace/NodeWorkspace/day05/nodejs-demo
170 error Linux 3.13.0-49-generic
171 error argv "/usr/local/bin/node" "/usr/local/bin/npm" "install" "connect"
172 error node v7.0.0
173 error npm  v3.10.8
174 error path /home/wyt/workspace/NodeWorkspace/day05/nodejs-demo/node_modules/.connect.DELETE/node_modules/finalhandler
175 error code EACCES
176 error errno -13
177 error syscall rename
178 error Error
178 error     at /usr/local/lib/node_modules/npm/lib/install/action/finalize.js:64:7
178 error     at /usr/local/lib/node_modules/npm/node_modules/slide/lib/async-map.js:52:35
178 error     at Array.forEach (native)
178 error     at /usr/local/lib/node_modules/npm/node_modules/slide/lib/async-map.js:52:11
178 error     at Array.forEach (native)
178 error     at asyncMap (/usr/local/lib/node_modules/npm/node_modules/slide/lib/async-map.js:51:8)
178 error     at moveModules (/usr/local/lib/node_modules/npm/lib/install/action/finalize.js:61:5)
178 error     at /usr/local/lib/node_modules/npm/lib/install/action/finalize.js:56:70
178 error     at /usr/local/lib/node_modules/npm/node_modules/mkdirp/index.js:30:20
178 error     at FSReqWrap.oncomplete (fs.js:111:15)
178 error
178 error Error: EACCES: permission denied, rename '/home/wyt/workspace/NodeWorkspace/day05/nodejs-demo/node_modules/.connect.DELETE/node_modules/finalhandler' -> '/home/wyt/workspace/NodeWorkspace/day05/nodejs-demo/node_modules/connect/node_modules/finalhandler'
178 error  { Error
178 error     at /usr/local/lib/node_modules/npm/lib/install/action/finalize.js:64:7
178 error     at /usr/local/lib/node_modules/npm/node_modules/slide/lib/async-map.js:52:35
178 error     at Array.forEach (native)
178 error     at /usr/local/lib/node_modules/npm/node_modules/slide/lib/async-map.js:52:11
178 error     at Array.forEach (native)
178 error     at asyncMap (/usr/local/lib/node_modules/npm/node_modules/slide/lib/async-map.js:51:8)
178 error     at moveModules (/usr/local/lib/node_modules/npm/lib/install/action/finalize.js:61:5)
178 error     at /usr/local/lib/node_modules/npm/lib/install/action/finalize.js:56:70
178 error     at /usr/local/lib/node_modules/npm/node_modules/mkdirp/index.js:30:20
178 error     at FSReqWrap.oncomplete (fs.js:111:15)
178 error
178 error Error: EACCES: permission denied, rename '/home/wyt/workspace/NodeWorkspace/day05/nodejs-demo/node_modules/.connect.DELETE/node_modules/finalhandler' -> '/home/wyt/workspace/NodeWorkspace/day05/nodejs-demo/node_modules/connect/node_modules/finalhandler' parent: 'nodejs-demo' }
179 error Please try running this command again as root/Administrator.
180 verbose exit [ -13, true ]
